[ 11%] Built target realsense2_camera_msgs__rosidl_generator_c
[ 12%] Built target realsense2_camera_msgs__cpp
[ 23%] Built target realsense2_camera_msgs__rosidl_typesupport_fastrtps_c
[ 34%] Built target realsense2_camera_msgs__rosidl_typesupport_introspection_c
failed to create symbolic link '/home/nvidia/f1tenth_ws/build/realsense2_camera_msgs/ament_cmake_python/realsense2_camera_msgs/realsense2_camera_msgs' because existing path cannot be removed: Is a directory
gmake[2]: *** [CMakeFiles/ament_cmake_python_symlink_realsense2_camera_msgs.dir/build.make:70: CMakeFiles/ament_cmake_python_symlink_realsense2_camera_msgs] Error 1
gmake[1]: *** [CMakeFiles/Makefile2:421: CMakeFiles/ament_cmake_python_symlink_realsense2_camera_msgs.dir/all] Error 2
gmake[1]: *** Waiting for unfinished jobs....
gmake: *** [Makefile:146: all] Error 2
